{
  "0 debug pnpm:scope": {
    "selected": 1
  },
  "1 error pnpm": {
    "code": "ELIFECYCLE",
    "errno": "ENOENT",
    "syscall": "spawn",
    "file": "sh",
    "pkgid": "astro-infinity-project@0.0.1",
    "stage": "git",
    "script": "commity -a -p",
    "pkgname": "astro-infinity-project",
    "err": {
      "name": "pnpm",
      "message": "astro-infinity-project@0.0.1 git: `commity -a -p`\nspawn ENOENT",
      "code": "ELIFECYCLE",
      "stack": "pnpm: astro-infinity-project@0.0.1 git: `commity -a -p`\nspawn ENOENT\n    at ChildProcess.<anonymous> (/home/oranges/.nvm/versions/node/v17.8.0/pnpm-global/5/node_modules/.pnpm/pnpm@6.32.6/node_modules/pnpm/dist/pnpm.cjs:92290:22)\n    at ChildProcess.emit (node:events:527:28)\n    at maybeClose (node:internal/child_process:1090:16)\n    at Process.ChildProcess._handle.onexit (node:internal/child_process:302:5)"
    }
  },
  "2 warn pnpm:global": " Local package.json exists, but node_modules missing, did you mean to install?"
}